# JRE version: OpenJDK Runtime Environment Temurin-17.0.7+7 (17.0.7+7) (build 17.0.7+7)
# Java VM: OpenJDK 64-Bit Server VM Temurin-17.0.7+7 (17.0.7+7, mixed mode, emulated-client, tiered, compressed oops, compressed class ptrs, g1 gc, windows-amd64)
GC Precious Log:
 CPUs: 12 total, 12 available
 Memory: 32702M
 Large Page Support: Disabled
 NUMA Support: Disabled
 Compressed Oops: Enabled (32-bit)
 Heap Region Size: 1M
 Heap Min Capacity: 8M
 Heap Initial Capacity: 512M
 Heap Max Capacity: 1G
 Pre-touch: Disabled
 Parallel Workers: 10
 Concurrent Workers: 3
 Concurrent Refinement Workers: 10
 Periodic GC: Disabled
Heap:
 garbage-first heap   total 324608K, used 96712K [0x00000000c0000000, 0x0000000100000000)
  region size 1024K, 1 young (1024K), 0 survivors (0K)
 Metaspace       used 76509K, committed 77184K, reserved 1179648K
  class space    used 10486K, committed 10816K, reserved 1048576K
GC Heap History (20 events):
Event: 396717.169 GC heap before
{Heap before GC invocations=39420 (full 38334):
 garbage-first heap   total 324608K, used 96712K [0x00000000c0000000, 0x0000000100000000)
  region size 1024K, 1 young (1024K), 0 survivors (0K)
 Metaspace       used 76509K, committed 77184K, reserved 1179648K
  class space    used 10486K, committed 10816K, reserved 1048576K
}
Event: 396717.227 GC heap after
{Heap after GC invocations=39421 (full 38335):
 garbage-first heap   total 324608K, used 96712K [0x00000000c0000000, 0x0000000100000000)
  region size 1024K, 0 young (0K), 0 survivors (0K)
 Metaspace       used 76509K, committed 77184K, reserved 1179648K
  class space    used 10486K, committed 10816K, reserved 1048576K
}
Event: 396727.379 GC heap before
{Heap before GC invocations=39421 (full 38335):
 garbage-first heap   total 324608K, used 96712K [0x00000000c0000000, 0x0000000100000000)
  region size 1024K, 1 young (1024K), 0 survivors (0K)
 Metaspace       used 76509K, committed 77184K, reserved 1179648K
  class space    used 10486K, committed 10816K, reserved 1048576K
}
Event: 396727.449 GC heap after
{Heap after GC invocations=39422 (full 38336):
 garbage-first heap   total 324608K, used 96712K [0x00000000c0000000, 0x0000000100000000)
  region size 1024K, 0 young (0K), 0 survivors (0K)
 Metaspace       used 76509K, committed 77184K, reserved 1179648K
  class space    used 10486K, committed 10816K, reserved 1048576K
}
Event: 396737.613 GC heap before
{Heap before GC invocations=39422 (full 38336):
 garbage-first heap   total 324608K, used 96712K [0x00000000c0000000, 0x0000000100000000)
  region size 1024K, 1 young (1024K), 0 survivors (0K)
 Metaspace       used 76509K, committed 77184K, reserved 1179648K
  class space    used 10486K, committed 10816K, reserved 1048576K
}
Event: 396737.679 GC heap after
{Heap after GC invocations=39423 (full 38337):
 garbage-first heap   total 324608K, used 96712K [0x00000000c0000000, 0x0000000100000000)
  region size 1024K, 0 young (0K), 0 survivors (0K)
 Metaspace       used 76509K, committed 77184K, reserved 1179648K
  class space    used 10486K, committed 10816K, reserved 1048576K
}
Event: 396747.843 GC heap before
{Heap before GC invocations=39423 (full 38337):
 garbage-first heap   total 324608K, used 96712K [0x00000000c0000000, 0x0000000100000000)
  region size 1024K, 1 young (1024K), 0 survivors (0K)
 Metaspace       used 76509K, committed 77184K, reserved 1179648K
  class space    used 10486K, committed 10816K, reserved 1048576K
}
Event: 396747.903 GC heap after
{Heap after GC invocations=39424 (full 38338):
 garbage-first heap   total 324608K, used 96712K [0x00000000c0000000, 0x0000000100000000)
  region size 1024K, 0 young (0K), 0 survivors (0K)
 Metaspace       used 76509K, committed 77184K, reserved 1179648K
  class space    used 10486K, committed 10816K, reserved 1048576K
}
Event: 396758.046 GC heap before
{Heap before GC invocations=39424 (full 38338):
 garbage-first heap   total 324608K, used 96712K [0x00000000c0000000, 0x0000000100000000)
  region size 1024K, 1 young (1024K), 0 survivors (0K)
 Metaspace       used 76509K, committed 77184K, reserved 1179648K
  class space    used 10486K, committed 10816K, reserved 1048576K
}
Event: 396758.105 GC heap after
{Heap after GC invocations=39425 (full 38339):
 garbage-first heap   total 324608K, used 96712K [0x00000000c0000000, 0x0000000100000000)
  region size 1024K, 0 young (0K), 0 survivors (0K)
 Metaspace       used 76509K, committed 77184K, reserved 1179648K
  class space    used 10486K, committed 10816K, reserved 1048576K
}
Event: 396768.242 GC heap before
{Heap before GC invocations=39425 (full 38339):
 garbage-first heap   total 324608K, used 96712K [0x00000000c0000000, 0x0000000100000000)
  region size 1024K, 1 young (1024K), 0 survivors (0K)
 Metaspace       used 76509K, committed 77184K, reserved 1179648K
  class space    used 10486K, committed 10816K, reserved 1048576K
}
Event: 396768.300 GC heap after
{Heap after GC invocations=39426 (full 38340):
 garbage-first heap   total 324608K, used 96712K [0x00000000c0000000, 0x0000000100000000)
  region size 1024K, 0 young (0K), 0 survivors (0K)
 Metaspace       used 76509K, committed 77184K, reserved 1179648K
  class space    used 10486K, committed 10816K, reserved 1048576K
}
Event: 396778.446 GC heap before
{Heap before GC invocations=39426 (full 38340):
 garbage-first heap   total 324608K, used 96712K [0x00000000c0000000, 0x0000000100000000)
  region size 1024K, 1 young (1024K), 0 survivors (0K)
 Metaspace       used 76509K, committed 77184K, reserved 1179648K
  class space    used 10486K, committed 10816K, reserved 1048576K
}
Event: 396778.507 GC heap after
{Heap after GC invocations=39427 (full 38341):
 garbage-first heap   total 324608K, used 96712K [0x00000000c0000000, 0x0000000100000000)
  region size 1024K, 0 young (0K), 0 survivors (0K)
 Metaspace       used 76509K, committed 77184K, reserved 1179648K
  class space    used 10486K, committed 10816K, reserved 1048576K
}
Event: 396788.651 GC heap before
{Heap before GC invocations=39427 (full 38341):
 garbage-first heap   total 324608K, used 96712K [0x00000000c0000000, 0x0000000100000000)
  region size 1024K, 1 young (1024K), 0 survivors (0K)
 Metaspace       used 76509K, committed 77184K, reserved 1179648K
  class space    used 10486K, committed 10816K, reserved 1048576K
}
Event: 396788.708 GC heap after
{Heap after GC invocations=39428 (full 38342):
 garbage-first heap   total 324608K, used 96712K [0x00000000c0000000, 0x0000000100000000)
  region size 1024K, 0 young (0K), 0 survivors (0K)
 Metaspace       used 76509K, committed 77184K, reserved 1179648K
  class space    used 10486K, committed 10816K, reserved 1048576K
}
Event: 396798.865 GC heap before
{Heap before GC invocations=39428 (full 38342):
 garbage-first heap   total 324608K, used 96712K [0x00000000c0000000, 0x0000000100000000)
  region size 1024K, 1 young (1024K), 0 survivors (0K)
 Metaspace       used 76509K, committed 77184K, reserved 1179648K
  class space    used 10486K, committed 10816K, reserved 1048576K
}
Event: 396798.934 GC heap after
{Heap after GC invocations=39429 (full 38343):
 garbage-first heap   total 324608K, used 96712K [0x00000000c0000000, 0x0000000100000000)
  region size 1024K, 0 young (0K), 0 survivors (0K)
 Metaspace       used 76509K, committed 77184K, reserved 1179648K
  class space    used 10486K, committed 10816K, reserved 1048576K
}
Event: 396809.077 GC heap before
{Heap before GC invocations=39429 (full 38343):
 garbage-first heap   total 324608K, used 96712K [0x00000000c0000000, 0x0000000100000000)
  region size 1024K, 1 young (1024K), 0 survivors (0K)
 Metaspace       used 76509K, committed 77184K, reserved 1179648K
  class space    used 10486K, committed 10816K, reserved 1048576K
}
Event: 396809.131 GC heap after
{Heap after GC invocations=39430 (full 38344):
 garbage-first heap   total 324608K, used 96712K [0x00000000c0000000, 0x0000000100000000)
  region size 1024K, 0 young (0K), 0 survivors (0K)
 Metaspace       used 76509K, committed 77184K, reserved 1179648K
  class space    used 10486K, committed 10816K, reserved 1048576K
}

