# JRE version: OpenJDK Runtime Environment Temurin-17.0.7+7 (17.0.7+7) (build 17.0.7+7)
# Java VM: OpenJDK 64-Bit Server VM Temurin-17.0.7+7 (17.0.7+7, mixed mode, emulated-client, tiered, compressed oops, compressed class ptrs, g1 gc, windows-amd64)
GC Precious Log:
 CPUs: 12 total, 12 available
 Memory: 32702M
 Large Page Support: Disabled
 NUMA Support: Disabled
 Compressed Oops: Enabled (32-bit)
 Heap Region Size: 1M
 Heap Min Capacity: 8M
 Heap Initial Capacity: 512M
 Heap Max Capacity: 1G
 Pre-touch: Disabled
 Parallel Workers: 10
 Concurrent Workers: 3
 Concurrent Refinement Workers: 10
 Periodic GC: Disabled
Heap:
 garbage-first heap   total 99328K, used 29065K [0x00000000c0000000, 0x0000000100000000)
  region size 1024K, 1 young (1024K), 0 survivors (0K)
 Metaspace       used 55754K, committed 56320K, reserved 1114112K
  class space    used 7091K, committed 7360K, reserved 1048576K
GC Heap History (20 events):
Event: 176530.440 GC heap before
{Heap before GC invocations=12268 (full 12248):
 garbage-first heap   total 99328K, used 29065K [0x00000000c0000000, 0x0000000100000000)
  region size 1024K, 1 young (1024K), 0 survivors (0K)
 Metaspace       used 55731K, committed 56320K, reserved 1114112K
  class space    used 7088K, committed 7360K, reserved 1048576K
}
Event: 176530.465 GC heap after
{Heap after GC invocations=12269 (full 12249):
 garbage-first heap   total 99328K, used 29065K [0x00000000c0000000, 0x0000000100000000)
  region size 1024K, 0 young (0K), 0 survivors (0K)
 Metaspace       used 55731K, committed 56320K, reserved 1114112K
  class space    used 7088K, committed 7360K, reserved 1048576K
}
Event: 176540.570 GC heap before
{Heap before GC invocations=12269 (full 12249):
 garbage-first heap   total 99328K, used 29065K [0x00000000c0000000, 0x0000000100000000)
  region size 1024K, 1 young (1024K), 0 survivors (0K)
 Metaspace       used 55731K, committed 56320K, reserved 1114112K
  class space    used 7088K, committed 7360K, reserved 1048576K
}
Event: 176540.603 GC heap after
{Heap after GC invocations=12270 (full 12250):
 garbage-first heap   total 99328K, used 29065K [0x00000000c0000000, 0x0000000100000000)
  region size 1024K, 0 young (0K), 0 survivors (0K)
 Metaspace       used 55731K, committed 56320K, reserved 1114112K
  class space    used 7088K, committed 7360K, reserved 1048576K
}
Event: 176550.759 GC heap before
{Heap before GC invocations=12270 (full 12250):
 garbage-first heap   total 99328K, used 29065K [0x00000000c0000000, 0x0000000100000000)
  region size 1024K, 1 young (1024K), 0 survivors (0K)
 Metaspace       used 55731K, committed 56320K, reserved 1114112K
  class space    used 7088K, committed 7360K, reserved 1048576K
}
Event: 176550.786 GC heap after
{Heap after GC invocations=12271 (full 12251):
 garbage-first heap   total 99328K, used 29065K [0x00000000c0000000, 0x0000000100000000)
  region size 1024K, 0 young (0K), 0 survivors (0K)
 Metaspace       used 55731K, committed 56320K, reserved 1114112K
  class space    used 7088K, committed 7360K, reserved 1048576K
}
Event: 176560.933 GC heap before
{Heap before GC invocations=12271 (full 12251):
 garbage-first heap   total 99328K, used 29065K [0x00000000c0000000, 0x0000000100000000)
  region size 1024K, 1 young (1024K), 0 survivors (0K)
 Metaspace       used 55731K, committed 56320K, reserved 1114112K
  class space    used 7088K, committed 7360K, reserved 1048576K
}
Event: 176560.959 GC heap after
{Heap after GC invocations=12272 (full 12252):
 garbage-first heap   total 99328K, used 29065K [0x00000000c0000000, 0x0000000100000000)
  region size 1024K, 0 young (0K), 0 survivors (0K)
 Metaspace       used 55731K, committed 56320K, reserved 1114112K
  class space    used 7088K, committed 7360K, reserved 1048576K
}
Event: 176571.089 GC heap before
{Heap before GC invocations=12272 (full 12252):
 garbage-first heap   total 99328K, used 29065K [0x00000000c0000000, 0x0000000100000000)
  region size 1024K, 1 young (1024K), 0 survivors (0K)
 Metaspace       used 55731K, committed 56320K, reserved 1114112K
  class space    used 7088K, committed 7360K, reserved 1048576K
}
Event: 176571.113 GC heap after
{Heap after GC invocations=12273 (full 12253):
 garbage-first heap   total 99328K, used 29065K [0x00000000c0000000, 0x0000000100000000)
  region size 1024K, 0 young (0K), 0 survivors (0K)
 Metaspace       used 55731K, committed 56320K, reserved 1114112K
  class space    used 7088K, committed 7360K, reserved 1048576K
}
Event: 176581.229 GC heap before
{Heap before GC invocations=12273 (full 12253):
 garbage-first heap   total 99328K, used 29065K [0x00000000c0000000, 0x0000000100000000)
  region size 1024K, 1 young (1024K), 0 survivors (0K)
 Metaspace       used 55731K, committed 56320K, reserved 1114112K
  class space    used 7088K, committed 7360K, reserved 1048576K
}
Event: 176581.256 GC heap after
{Heap after GC invocations=12274 (full 12254):
 garbage-first heap   total 99328K, used 29065K [0x00000000c0000000, 0x0000000100000000)
  region size 1024K, 0 young (0K), 0 survivors (0K)
 Metaspace       used 55731K, committed 56320K, reserved 1114112K
  class space    used 7088K, committed 7360K, reserved 1048576K
}
Event: 176591.392 GC heap before
{Heap before GC invocations=12274 (full 12254):
 garbage-first heap   total 99328K, used 29065K [0x00000000c0000000, 0x0000000100000000)
  region size 1024K, 1 young (1024K), 0 survivors (0K)
 Metaspace       used 55731K, committed 56320K, reserved 1114112K
  class space    used 7088K, committed 7360K, reserved 1048576K
}
Event: 176591.419 GC heap after
{Heap after GC invocations=12275 (full 12255):
 garbage-first heap   total 99328K, used 29065K [0x00000000c0000000, 0x0000000100000000)
  region size 1024K, 0 young (0K), 0 survivors (0K)
 Metaspace       used 55731K, committed 56320K, reserved 1114112K
  class space    used 7088K, committed 7360K, reserved 1048576K
}
Event: 176601.528 GC heap before
{Heap before GC invocations=12275 (full 12255):
 garbage-first heap   total 99328K, used 29065K [0x00000000c0000000, 0x0000000100000000)
  region size 1024K, 1 young (1024K), 0 survivors (0K)
 Metaspace       used 55731K, committed 56320K, reserved 1114112K
  class space    used 7088K, committed 7360K, reserved 1048576K
}
Event: 176601.556 GC heap after
{Heap after GC invocations=12276 (full 12256):
 garbage-first heap   total 99328K, used 29065K [0x00000000c0000000, 0x0000000100000000)
  region size 1024K, 0 young (0K), 0 survivors (0K)
 Metaspace       used 55731K, committed 56320K, reserved 1114112K
  class space    used 7088K, committed 7360K, reserved 1048576K
}
Event: 176611.706 GC heap before
{Heap before GC invocations=12276 (full 12256):
 garbage-first heap   total 99328K, used 29065K [0x00000000c0000000, 0x0000000100000000)
  region size 1024K, 1 young (1024K), 0 survivors (0K)
 Metaspace       used 55731K, committed 56320K, reserved 1114112K
  class space    used 7088K, committed 7360K, reserved 1048576K
}
Event: 176611.734 GC heap after
{Heap after GC invocations=12277 (full 12257):
 garbage-first heap   total 99328K, used 29065K [0x00000000c0000000, 0x0000000100000000)
  region size 1024K, 0 young (0K), 0 survivors (0K)
 Metaspace       used 55731K, committed 56320K, reserved 1114112K
  class space    used 7088K, committed 7360K, reserved 1048576K
}
Event: 176621.842 GC heap before
{Heap before GC invocations=12277 (full 12257):
 garbage-first heap   total 99328K, used 29065K [0x00000000c0000000, 0x0000000100000000)
  region size 1024K, 1 young (1024K), 0 survivors (0K)
 Metaspace       used 55731K, committed 56320K, reserved 1114112K
  class space    used 7088K, committed 7360K, reserved 1048576K
}
Event: 176621.872 GC heap after
{Heap after GC invocations=12278 (full 12258):
 garbage-first heap   total 99328K, used 29065K [0x00000000c0000000, 0x0000000100000000)
  region size 1024K, 0 young (0K), 0 survivors (0K)
 Metaspace       used 55731K, committed 56320K, reserved 1114112K
  class space    used 7088K, committed 7360K, reserved 1048576K
}

